//-------------------------- 5/8/2024 -- 15:38:40 -----
Processor Init:
   Intel (unknown, Pentium Pro/II/III family), ~2.30 Ghz
     (timed at roughly 2.31 Ghz)
   FPU detected
   MMX detected
   SSE detected
 
Math Init:
   Installing Standard C extensions
   Installing Assembly extensions
   Installing FPU extensions
   Installing MMX extensions
   Installing SSE extensions
 
Input Init:
   DirectInput enabled.

Initializing chunk mappings...
   o 'TEXT' maps to TextChunk
   o 'SCHK' maps to UnknownChunk
   o 'SCHK' maps to SimChunk
Loading compiled script D:/C++ history/FunCode/Killnsects/Bin/common/main.cs.
Loading compiled script D:/C++ history/FunCode/Killnsects/Bin/game/main.cs.
 % - Initializing Common
Loading compiled script D:/C++ history/FunCode/Killnsects/Bin/common/preferences/defaultPrefs.cs.
Reading Display Device information...
   Primary Display Device Found:
      Vendor Id: VEN_0000
      Device Id: DEV_0000

Using OpenGL rendering. Fullscreen: 0

Loading compiled script D:/C++ history/FunCode/Killnsects/Bin/common/gameScripts/xml.cs.
Loading compiled script D:/C++ history/FunCode/Killnsects/Bin/common/gameScripts/properties.cs.
Loading compiled script D:/C++ history/FunCode/Killnsects/Bin/common/gameScripts/common.cs.
Loading compiled script D:/C++ history/FunCode/Killnsects/Bin/common/gameScripts/audio.cs.
Loading compiled script D:/C++ history/FunCode/Killnsects/Bin/common/gameScripts/canvas.cs.
Loading compiled script D:/C++ history/FunCode/Killnsects/Bin/common/gameScripts/cursor.cs.
Video Init:
   Accelerated OpenGL display device detected.
   Accelerated D3D device not detected.
   Voodoo 2 display device not detected.

Activating the OpenGL display device...
Activating the OpenGL display device...
Setting screen mode to 320x320x32 (w)...
Creating a new window...
Acquiring a new device context...
Pixel format set:
  32 color bits, 24 depth bits, 8 stencil bits
Creating a new rendering context...
Making the new rendering context current...
OpenGL driver information:
  Vendor: Intel
  Renderer: Intel(R) UHD Graphics
  Version: 4.6.0 - Build 27.20.100.9565
OpenGL Init: Enabled Extensions
  ARB_multitexture (Max Texture Units: 8)
  EXT_blend_color
  EXT_blend_minmax
  EXT_compiled_vertex_array
  EXT_texture_env_combine
  EXT_packed_pixels
  EXT_fog_coord
  ARB_texture_compression
  EXT_texture_compression_s3tc
  3DFX_texture_compression_FXT1
  (ARB|EXT)_texture_env_add
  EXT_texture_filter_anisotropic (Max anisotropy: 16)
  WGL_EXT_swap_control
OpenGL Init: Disabled Extensions
  EXT_paletted_texture
  NV_vertex_array_range

Max Texture Size reported as: 16384
Setting screen mode to 800x600x32 (w)...
OpenAL Driver Init:
   Failed to initialize driver.
Loading compiled script D:/C++ history/FunCode/Killnsects/Bin/common/gui/profiles.cs.
Loading compiled script D:/C++ history/FunCode/Killnsects/Bin/common/gui/cursors.cs.
Loading compiled script D:/C++ history/FunCode/Killnsects/Bin/common/gui/messageBoxOk.gui.
Loading compiled script D:/C++ history/FunCode/Killnsects/Bin/common/gui/messageBoxYesNo.gui.
Loading compiled script D:/C++ history/FunCode/Killnsects/Bin/common/gui/messageBoxYesNoCancel.gui.
Loading compiled script D:/C++ history/FunCode/Killnsects/Bin/common/gui/messageBoxOKCancel.gui.
Loading compiled script D:/C++ history/FunCode/Killnsects/Bin/common/gui/messageBoxOKCancelDetailsDlg.gui.
Loading compiled script D:/C++ history/FunCode/Killnsects/Bin/common/gui/messagePopup.gui.
Loading compiled script D:/C++ history/FunCode/Killnsects/Bin/common/gui/options.gui.
Loading compiled script D:/C++ history/FunCode/Killnsects/Bin/common/gui/remap.gui.
Loading compiled script D:/C++ history/FunCode/Killnsects/Bin/common/gui/console.gui.
Loading compiled script D:/C++ history/FunCode/Killnsects/Bin/common/gui/NetworkMenu.gui.
Loading compiled script D:/C++ history/FunCode/Killnsects/Bin/common/gui/startServer.gui.
Loading compiled script D:/C++ history/FunCode/Killnsects/Bin/common/gui/joinServer.gui.
Loading compiled script D:/C++ history/FunCode/Killnsects/Bin/common/gui/waitingForServer.gui.
Loading compiled script D:/C++ history/FunCode/Killnsects/Bin/common/gui/helpDlg.gui.
Loading compiled script D:/C++ history/FunCode/Killnsects/Bin/common/gui/messageBox.cs.
Loading compiled script D:/C++ history/FunCode/Killnsects/Bin/common/gui/help.cs.
Loading compiled script D:/C++ history/FunCode/Killnsects/Bin/common/gui/chatGui.gui.
Loading compiled script D:/C++ history/FunCode/Killnsects/Bin/common/gameScripts/screenshot.cs.
Loading compiled script D:/C++ history/FunCode/Killnsects/Bin/common/gameScripts/metrics.cs.
Loading compiled script D:/C++ history/FunCode/Killnsects/Bin/common/Gui/FrameOverlayGui.gui.
Loading compiled script D:/C++ history/FunCode/Killnsects/Bin/common/gameScripts/scriptDoc.cs.
Loading compiled script D:/C++ history/FunCode/Killnsects/Bin/common/gameScripts/keybindings.cs.
Loading compiled script D:/C++ history/FunCode/Killnsects/Bin/common/gameScripts/options.cs.
Loading compiled script D:/C++ history/FunCode/Killnsects/Bin/common/gameScripts/levelManagement.cs.
Loading compiled script D:/C++ history/FunCode/Killnsects/Bin/common/gameScripts/projectManagement.cs.
Loading compiled script D:/C++ history/FunCode/Killnsects/Bin/common/gameScripts/projectResources.cs.
Loading compiled script D:/C++ history/FunCode/Killnsects/Bin/common/gameScripts/align.cs.

FunCode (v1.7.5) initialized...
Loading compiled script D:/C++ history/FunCode/Killnsects/Bin/game/managed/datablocks.cs.
Loading compiled script D:/C++ history/FunCode/Killnsects/Bin/game/managed/persistent.cs.
Loading compiled script D:/C++ history/FunCode/Killnsects/Bin/game/managed/brushes.cs.
Loading compiled script D:/C++ history/FunCode/Killnsects/Bin/game/gameScripts/datablocks.cs.
Loading compiled script D:/C++ history/FunCode/Killnsects/Bin/game/gameScripts/guiProfiles.cs.
Loading compiled script D:/C++ history/FunCode/Killnsects/Bin/game/gui/mainScreen.gui.
Loading compiled script D:/C++ history/FunCode/Killnsects/Bin/game/gameScripts/game.cs.
Activating DirectInput...
DirectInput joystick failed to enable!
Compiling D:/C++ history/FunCode/Killnsects/Bin/game/data/levels/level.t2d...
Loading compiled script D:/C++ history/FunCode/Killnsects/Bin/game/data/levels/level.t2d.
t2dSceneGraph::addToScene() - Object '1329' is already in a SceneGraph!.
t2dSceneGraph::addToScene() - Object '1330' is already in a SceneGraph!.
t2dSceneGraph::addToScene() - Object '1331' is already in a SceneGraph!.
t2dSceneGraph::addToScene() - Object '1332' is already in a SceneGraph!.
t2dSceneGraph::addToScene() - Object '1333' is already in a SceneGraph!.
t2dSceneGraph::addToScene() - Object '1334' is already in a SceneGraph!.
t2dSceneGraph::addToScene() - Object '1335' is already in a SceneGraph!.
t2dSceneGraph::addToScene() - Object '1336' is already in a SceneGraph!.
t2dSceneGraph::addToScene() - Object '1337' is already in a SceneGraph!.
t2dSceneGraph::addToScene() - Object '1338' is already in a SceneGraph!.
t2dSceneGraph::addToScene() - Object '1339' is already in a SceneGraph!.
t2dSceneGraph::addToScene() - Object '1340' is already in a SceneGraph!.
t2dSceneGraph::addToScene() - Object '1341' is already in a SceneGraph!.
t2dSceneGraph::addToScene() - Object '1342' is already in a SceneGraph!.
t2dSceneGraph::addToScene() - Object '1343' is already in a SceneGraph!.
t2dSceneGraph::addToScene() - Object '1344' is already in a SceneGraph!.
t2dSceneGraph::addToScene() - Object '1345' is already in a SceneGraph!.
t2dSceneGraph::addToScene() - Object '1346' is already in a SceneGraph!.
t2dSceneGraph::addToScene() - Object '1347' is already in a SceneGraph!.
t2dSceneGraph::addToScene() - Object '1348' is already in a SceneGraph!.
t2dSceneGraph::addToScene() - Object '1349' is already in a SceneGraph!.
t2dSceneGraph::addToScene() - Object '1350' is already in a SceneGraph!.
t2dSceneGraph::addToScene() - Object '1351' is already in a SceneGraph!.
t2dSceneGraph::addToScene() - Object '1352' is already in a SceneGraph!.
t2dSceneGraph::addToScene() - Object '1353' is already in a SceneGraph!.
t2dSceneGraph::addToScene() - Object '1354' is already in a SceneGraph!.
t2dSceneGraph::addToScene() - Object '1355' is already in a SceneGraph!.
t2dSceneGraph::addToScene() - Object '1356' is already in a SceneGraph!.
t2dSceneGraph::addToScene() - Object '1357' is already in a SceneGraph!.
t2dSceneGraph::addToScene() - Object '1358' is already in a SceneGraph!.
t2dSceneGraph::addToScene() - Object '1359' is already in a SceneGraph!.
t2dSceneGraph::addToScene() - Object '1360' is already in a SceneGraph!.
t2dSceneGraph::addToScene() - Object '1361' is already in a SceneGraph!.
t2dSceneGraph::addToScene() - Object '1362' is already in a SceneGraph!.
t2dSceneGraph::addToScene() - Object '1363' is already in a SceneGraph!.
t2dSceneGraph::addToScene() - Object '1364' is already in a SceneGraph!.
t2dSceneGraph::addToScene() - Object '1365' is already in a SceneGraph!.
t2dSceneGraph::addToScene() - Object '1366' is already in a SceneGraph!.
t2dSceneGraph::addToScene() - Object '1367' is already in a SceneGraph!.
t2dSceneGraph::addToScene() - Object '1368' is already in a SceneGraph!.
t2dSceneGraph::addToScene() - Object '1369' is already in a SceneGraph!.
t2dSceneGraph::addToScene() - Object '1370' is already in a SceneGraph!.
t2dSceneGraph::addToScene() - Object '1371' is already in a SceneGraph!.
t2dSceneGraph::addToScene() - Object '1372' is already in a SceneGraph!.
t2dSceneGraph::addToScene() - Object '1373' is already in a SceneGraph!.
t2dSceneGraph::addToScene() - Object '1374' is already in a SceneGraph!.
t2dSceneGraph::addToScene() - Object '1375' is already in a SceneGraph!.
t2dSceneGraph::addToScene() - Object '1376' is already in a SceneGraph!.
t2dSceneGraph::addToScene() - Object '1377' is already in a SceneGraph!.
t2dSceneGraph::addToScene() - Object '1378' is already in a SceneGraph!.
t2dSceneGraph::addToScene() - Object '1379' is already in a SceneGraph!.
t2dSceneGraph::addToScene() - Object '1380' is already in a SceneGraph!.
t2dSceneGraph::addToScene() - Object '1381' is already in a SceneGraph!.
t2dSceneGraph::addToScene() - Object '1382' is already in a SceneGraph!.
t2dSceneGraph::addToScene() - Object '1383' is already in a SceneGraph!.
t2dSceneGraph::addToScene() - Object '1384' is already in a SceneGraph!.
t2dSceneGraph::addToScene() - Object '1385' is already in a SceneGraph!.
t2dSceneGraph::addToScene() - Object '1386' is already in a SceneGraph!.
t2dSceneGraph::addToScene() - Object '1387' is already in a SceneGraph!.
DirectInput deactivated.
Shutting down the OpenGL display device...
Making the GL rendering context not current...
Deleting the GL rendering context...
Releasing the device context...
